<?xml version="1.0" encoding="UTF-8"?>
<testsuite xmlns:xsi="http://www.w3.org/2001/XMLSchema-instance" xsi:noNamespaceSchemaLocation="https://maven.apache.org/surefire/maven-surefire-plugin/xsd/surefire-test-report.xsd" name="com.example.demo.SpringSecurityStudyApplicationTests" time="5.241" tests="1" errors="0" skipped="0" failures="0">
  <properties>
    <property name="gopherProxySet" value="false"/>
    <property name="awt.toolkit" value="sun.lwawt.macosx.LWCToolkit"/>
    <property name="file.encoding.pkg" value="sun.io"/>
    <property name="java.specification.version" value="1.8"/>
    <property name="sun.cpu.isalist" value=""/>
    <property name="sun.jnu.encoding" value="UTF-8"/>
    <property name="java.class.path" value="/Users/chuangzhang/IdeaProjects/SpringSecurity/target/test-classes:/Users/chuangzhang/IdeaProjects/SpringSecurity/target/classes:/Users/chuangzhang/work/repository/org/springframework/boot/spring-boot-starter/2.1.9.RELEASE/spring-boot-starter-2.1.9.RELEASE.jar:/Users/chuangzhang/work/repository/org/springframework/boot/spring-boot/2.1.9.RELEASE/spring-boot-2.1.9.RELEASE.jar:/Users/chuangzhang/work/repository/org/springframework/spring-context/5.1.10.RELEASE/spring-context-5.1.10.RELEASE.jar:/Users/chuangzhang/work/repository/org/springframework/boot/spring-boot-autoconfigure/2.1.9.RELEASE/spring-boot-autoconfigure-2.1.9.RELEASE.jar:/Users/chuangzhang/work/repository/org/springframework/boot/spring-boot-starter-logging/2.1.9.RELEASE/spring-boot-starter-logging-2.1.9.RELEASE.jar:/Users/chuangzhang/work/repository/ch/qos/logback/logback-classic/1.2.3/logback-classic-1.2.3.jar:/Users/chuangzhang/work/repository/ch/qos/logback/logback-core/1.2.3/logback-core-1.2.3.jar:/Users/chuangzhang/work/repository/org/apache/logging/log4j/log4j-to-slf4j/2.11.2/log4j-to-slf4j-2.11.2.jar:/Users/chuangzhang/work/repository/org/apache/logging/log4j/log4j-api/2.11.2/log4j-api-2.11.2.jar:/Users/chuangzhang/work/repository/org/slf4j/jul-to-slf4j/1.7.28/jul-to-slf4j-1.7.28.jar:/Users/chuangzhang/work/repository/javax/annotation/javax.annotation-api/1.3.2/javax.annotation-api-1.3.2.jar:/Users/chuangzhang/work/repository/org/springframework/spring-core/5.1.10.RELEASE/spring-core-5.1.10.RELEASE.jar:/Users/chuangzhang/work/repository/org/springframework/spring-jcl/5.1.10.RELEASE/spring-jcl-5.1.10.RELEASE.jar:/Users/chuangzhang/work/repository/org/yaml/snakeyaml/1.23/snakeyaml-1.23.jar:/Users/chuangzhang/work/repository/org/projectlombok/lombok/1.18.10/lombok-1.18.10.jar:/Users/chuangzhang/work/repository/org/springframework/boot/spring-boot-starter-test/2.1.9.RELEASE/spring-boot-starter-test-2.1.9.RELEASE.jar:/Users/chuangzhang/work/repository/org/springframework/boot/spring-boot-test/2.1.9.RELEASE/spring-boot-test-2.1.9.RELEASE.jar:/Users/chuangzhang/work/repository/org/springframework/boot/spring-boot-test-autoconfigure/2.1.9.RELEASE/spring-boot-test-autoconfigure-2.1.9.RELEASE.jar:/Users/chuangzhang/work/repository/com/jayway/jsonpath/json-path/2.4.0/json-path-2.4.0.jar:/Users/chuangzhang/work/repository/net/minidev/json-smart/2.3/json-smart-2.3.jar:/Users/chuangzhang/work/repository/net/minidev/accessors-smart/1.2/accessors-smart-1.2.jar:/Users/chuangzhang/work/repository/org/ow2/asm/asm/5.0.4/asm-5.0.4.jar:/Users/chuangzhang/work/repository/org/slf4j/slf4j-api/1.7.28/slf4j-api-1.7.28.jar:/Users/chuangzhang/work/repository/junit/junit/4.12/junit-4.12.jar:/Users/chuangzhang/work/repository/org/assertj/assertj-core/3.11.1/assertj-core-3.11.1.jar:/Users/chuangzhang/work/repository/org/mockito/mockito-core/2.23.4/mockito-core-2.23.4.jar:/Users/chuangzhang/work/repository/net/bytebuddy/byte-buddy/1.9.16/byte-buddy-1.9.16.jar:/Users/chuangzhang/work/repository/net/bytebuddy/byte-buddy-agent/1.9.16/byte-buddy-agent-1.9.16.jar:/Users/chuangzhang/work/repository/org/objenesis/objenesis/2.6/objenesis-2.6.jar:/Users/chuangzhang/work/repository/org/hamcrest/hamcrest-core/1.3/hamcrest-core-1.3.jar:/Users/chuangzhang/work/repository/org/hamcrest/hamcrest-library/1.3/hamcrest-library-1.3.jar:/Users/chuangzhang/work/repository/org/skyscreamer/jsonassert/1.5.0/jsonassert-1.5.0.jar:/Users/chuangzhang/work/repository/com/vaadin/external/google/android-json/0.0.20131108.vaadin1/android-json-0.0.20131108.vaadin1.jar:/Users/chuangzhang/work/repository/org/springframework/spring-test/5.1.10.RELEASE/spring-test-5.1.10.RELEASE.jar:/Users/chuangzhang/work/repository/org/xmlunit/xmlunit-core/2.6.3/xmlunit-core-2.6.3.jar:/Users/chuangzhang/work/repository/org/springframework/boot/spring-boot-starter-web/2.2.0.RELEASE/spring-boot-starter-web-2.2.0.RELEASE.jar:/Users/chuangzhang/work/repository/org/springframework/boot/spring-boot-starter-json/2.1.9.RELEASE/spring-boot-starter-json-2.1.9.RELEASE.jar:/Users/chuangzhang/work/repository/com/fasterxml/jackson/core/jackson-databind/2.9.9.3/jackson-databind-2.9.9.3.jar:/Users/chuangzhang/work/repository/com/fasterxml/jackson/core/jackson-annotations/2.9.0/jackson-annotations-2.9.0.jar:/Users/chuangzhang/work/repository/com/fasterxml/jackson/core/jackson-core/2.9.9/jackson-core-2.9.9.jar:/Users/chuangzhang/work/repository/com/fasterxml/jackson/datatype/jackson-datatype-jdk8/2.9.9/jackson-datatype-jdk8-2.9.9.jar:/Users/chuangzhang/work/repository/com/fasterxml/jackson/datatype/jackson-datatype-jsr310/2.9.9/jackson-datatype-jsr310-2.9.9.jar:/Users/chuangzhang/work/repository/com/fasterxml/jackson/module/jackson-module-parameter-names/2.9.9/jackson-module-parameter-names-2.9.9.jar:/Users/chuangzhang/work/repository/org/springframework/boot/spring-boot-starter-tomcat/2.1.9.RELEASE/spring-boot-starter-tomcat-2.1.9.RELEASE.jar:/Users/chuangzhang/work/repository/org/apache/tomcat/embed/tomcat-embed-core/9.0.26/tomcat-embed-core-9.0.26.jar:/Users/chuangzhang/work/repository/org/apache/tomcat/embed/tomcat-embed-el/9.0.26/tomcat-embed-el-9.0.26.jar:/Users/chuangzhang/work/repository/org/apache/tomcat/embed/tomcat-embed-websocket/9.0.26/tomcat-embed-websocket-9.0.26.jar:/Users/chuangzhang/work/repository/org/springframework/boot/spring-boot-starter-validation/2.1.9.RELEASE/spring-boot-starter-validation-2.1.9.RELEASE.jar:/Users/chuangzhang/work/repository/org/hibernate/validator/hibernate-validator/6.0.17.Final/hibernate-validator-6.0.17.Final.jar:/Users/chuangzhang/work/repository/javax/validation/validation-api/2.0.1.Final/validation-api-2.0.1.Final.jar:/Users/chuangzhang/work/repository/org/springframework/spring-web/5.1.10.RELEASE/spring-web-5.1.10.RELEASE.jar:/Users/chuangzhang/work/repository/org/springframework/spring-beans/5.1.10.RELEASE/spring-beans-5.1.10.RELEASE.jar:/Users/chuangzhang/work/repository/org/springframework/spring-webmvc/5.1.10.RELEASE/spring-webmvc-5.1.10.RELEASE.jar:/Users/chuangzhang/work/repository/org/springframework/spring-expression/5.1.10.RELEASE/spring-expression-5.1.10.RELEASE.jar:/Users/chuangzhang/work/repository/org/springframework/boot/spring-boot-starter-security/2.1.9.RELEASE/spring-boot-starter-security-2.1.9.RELEASE.jar:/Users/chuangzhang/work/repository/org/springframework/spring-aop/5.1.10.RELEASE/spring-aop-5.1.10.RELEASE.jar:/Users/chuangzhang/work/repository/org/springframework/security/spring-security-config/5.1.6.RELEASE/spring-security-config-5.1.6.RELEASE.jar:/Users/chuangzhang/work/repository/org/springframework/security/spring-security-core/5.1.6.RELEASE/spring-security-core-5.1.6.RELEASE.jar:/Users/chuangzhang/work/repository/org/springframework/security/spring-security-web/5.1.6.RELEASE/spring-security-web-5.1.6.RELEASE.jar:/Users/chuangzhang/work/repository/org/springframework/boot/spring-boot-devtools/2.1.9.RELEASE/spring-boot-devtools-2.1.9.RELEASE.jar:/Users/chuangzhang/work/repository/org/springframework/boot/spring-boot-starter-data-jpa/2.1.9.RELEASE/spring-boot-starter-data-jpa-2.1.9.RELEASE.jar:/Users/chuangzhang/work/repository/org/springframework/boot/spring-boot-starter-aop/2.1.9.RELEASE/spring-boot-starter-aop-2.1.9.RELEASE.jar:/Users/chuangzhang/work/repository/org/aspectj/aspectjweaver/1.9.4/aspectjweaver-1.9.4.jar:/Users/chuangzhang/work/repository/org/springframework/boot/spring-boot-starter-jdbc/2.1.9.RELEASE/spring-boot-starter-jdbc-2.1.9.RELEASE.jar:/Users/chuangzhang/work/repository/com/zaxxer/HikariCP/3.2.0/HikariCP-3.2.0.jar:/Users/chuangzhang/work/repository/org/springframework/spring-jdbc/5.1.10.RELEASE/spring-jdbc-5.1.10.RELEASE.jar:/Users/chuangzhang/work/repository/javax/transaction/javax.transaction-api/1.3/javax.transaction-api-1.3.jar:/Users/chuangzhang/work/repository/javax/xml/bind/jaxb-api/2.3.1/jaxb-api-2.3.1.jar:/Users/chuangzhang/work/repository/javax/activation/javax.activation-api/1.2.0/javax.activation-api-1.2.0.jar:/Users/chuangzhang/work/repository/org/hibernate/hibernate-core/5.3.12.Final/hibernate-core-5.3.12.Final.jar:/Users/chuangzhang/work/repository/org/jboss/logging/jboss-logging/3.3.3.Final/jboss-logging-3.3.3.Final.jar:/Users/chuangzhang/work/repository/javax/persistence/javax.persistence-api/2.2/javax.persistence-api-2.2.jar:/Users/chuangzhang/work/repository/org/javassist/javassist/3.23.2-GA/javassist-3.23.2-GA.jar:/Users/chuangzhang/work/repository/antlr/antlr/2.7.7/antlr-2.7.7.jar:/Users/chuangzhang/work/repository/org/jboss/jandex/2.0.5.Final/jandex-2.0.5.Final.jar:/Users/chuangzhang/work/repository/com/fasterxml/classmate/1.4.0/classmate-1.4.0.jar:/Users/chuangzhang/work/repository/org/dom4j/dom4j/2.1.1/dom4j-2.1.1.jar:/Users/chuangzhang/work/repository/org/hibernate/common/hibernate-commons-annotations/5.0.4.Final/hibernate-commons-annotations-5.0.4.Final.jar:/Users/chuangzhang/work/repository/org/glassfish/jaxb/jaxb-runtime/2.3.1/jaxb-runtime-2.3.1.jar:/Users/chuangzhang/work/repository/org/glassfish/jaxb/txw2/2.3.1/txw2-2.3.1.jar:/Users/chuangzhang/work/repository/com/sun/istack/istack-commons-runtime/3.0.7/istack-commons-runtime-3.0.7.jar:/Users/chuangzhang/work/repository/org/jvnet/staxex/stax-ex/1.8/stax-ex-1.8.jar:/Users/chuangzhang/work/repository/com/sun/xml/fastinfoset/FastInfoset/1.2.15/FastInfoset-1.2.15.jar:/Users/chuangzhang/work/repository/org/springframework/data/spring-data-jpa/2.1.11.RELEASE/spring-data-jpa-2.1.11.RELEASE.jar:/Users/chuangzhang/work/repository/org/springframework/data/spring-data-commons/2.1.11.RELEASE/spring-data-commons-2.1.11.RELEASE.jar:/Users/chuangzhang/work/repository/org/springframework/spring-orm/5.1.10.RELEASE/spring-orm-5.1.10.RELEASE.jar:/Users/chuangzhang/work/repository/org/springframework/spring-tx/5.1.10.RELEASE/spring-tx-5.1.10.RELEASE.jar:/Users/chuangzhang/work/repository/org/springframework/spring-aspects/5.1.10.RELEASE/spring-aspects-5.1.10.RELEASE.jar:/Users/chuangzhang/work/repository/mysql/mysql-connector-java/8.0.17/mysql-connector-java-8.0.17.jar:/Users/chuangzhang/work/repository/org/springframework/boot/spring-boot-starter-thymeleaf/2.1.9.RELEASE/spring-boot-starter-thymeleaf-2.1.9.RELEASE.jar:/Users/chuangzhang/work/repository/org/thymeleaf/thymeleaf-spring5/3.0.11.RELEASE/thymeleaf-spring5-3.0.11.RELEASE.jar:/Users/chuangzhang/work/repository/org/thymeleaf/thymeleaf/3.0.11.RELEASE/thymeleaf-3.0.11.RELEASE.jar:/Users/chuangzhang/work/repository/org/attoparser/attoparser/2.0.5.RELEASE/attoparser-2.0.5.RELEASE.jar:/Users/chuangzhang/work/repository/org/unbescape/unbescape/1.1.6.RELEASE/unbescape-1.1.6.RELEASE.jar:/Users/chuangzhang/work/repository/org/thymeleaf/extras/thymeleaf-extras-java8time/3.0.4.RELEASE/thymeleaf-extras-java8time-3.0.4.RELEASE.jar:/Users/chuangzhang/work/repository/net/sourceforge/htmlunit/htmlunit/2.36.0/htmlunit-2.36.0.jar:/Users/chuangzhang/work/repository/xalan/xalan/2.7.2/xalan-2.7.2.jar:/Users/chuangzhang/work/repository/xalan/serializer/2.7.2/serializer-2.7.2.jar:/Users/chuangzhang/work/repository/org/apache/commons/commons-lang3/3.8.1/commons-lang3-3.8.1.jar:/Users/chuangzhang/work/repository/org/apache/commons/commons-text/1.7/commons-text-1.7.jar:/Users/chuangzhang/work/repository/org/apache/httpcomponents/httpmime/4.5.10/httpmime-4.5.10.jar:/Users/chuangzhang/work/repository/org/apache/httpcomponents/httpclient/4.5.10/httpclient-4.5.10.jar:/Users/chuangzhang/work/repository/org/apache/httpcomponents/httpcore/4.4.12/httpcore-4.4.12.jar:/Users/chuangzhang/work/repository/commons-codec/commons-codec/1.11/commons-codec-1.11.jar:/Users/chuangzhang/work/repository/net/sourceforge/htmlunit/htmlunit-core-js/2.36.0/htmlunit-core-js-2.36.0.jar:/Users/chuangzhang/work/repository/net/sourceforge/htmlunit/neko-htmlunit/2.36.0/neko-htmlunit-2.36.0.jar:/Users/chuangzhang/work/repository/xerces/xercesImpl/2.12.0/xercesImpl-2.12.0.jar:/Users/chuangzhang/work/repository/xml-apis/xml-apis/1.4.01/xml-apis-1.4.01.jar:/Users/chuangzhang/work/repository/net/sourceforge/htmlunit/htmlunit-cssparser/1.5.0/htmlunit-cssparser-1.5.0.jar:/Users/chuangzhang/work/repository/commons-io/commons-io/2.6/commons-io-2.6.jar:/Users/chuangzhang/work/repository/commons-net/commons-net/3.6/commons-net-3.6.jar:/Users/chuangzhang/work/repository/org/brotli/dec/0.1.2/dec-0.1.2.jar:/Users/chuangzhang/work/repository/org/eclipse/jetty/websocket/websocket-client/9.4.19.v20190610/websocket-client-9.4.19.v20190610.jar:/Users/chuangzhang/work/repository/org/eclipse/jetty/jetty-client/9.4.19.v20190610/jetty-client-9.4.19.v20190610.jar:/Users/chuangzhang/work/repository/org/eclipse/jetty/jetty-http/9.4.19.v20190610/jetty-http-9.4.19.v20190610.jar:/Users/chuangzhang/work/repository/org/eclipse/jetty/jetty-xml/9.4.19.v20190610/jetty-xml-9.4.19.v20190610.jar:/Users/chuangzhang/work/repository/org/eclipse/jetty/jetty-util/9.4.19.v20190610/jetty-util-9.4.19.v20190610.jar:/Users/chuangzhang/work/repository/org/eclipse/jetty/jetty-io/9.4.19.v20190610/jetty-io-9.4.19.v20190610.jar:/Users/chuangzhang/work/repository/org/eclipse/jetty/websocket/websocket-common/9.4.19.v20190610/websocket-common-9.4.19.v20190610.jar:/Users/chuangzhang/work/repository/org/eclipse/jetty/websocket/websocket-api/9.4.19.v20190610/websocket-api-9.4.19.v20190610.jar:"/>
    <property name="java.vm.vendor" value="Oracle Corporation"/>
    <property name="sun.arch.data.model" value="64"/>
    <property name="java.vendor.url" value="http://java.oracle.com/"/>
    <property name="user.timezone" value=""/>
    <property name="java.vm.specification.version" value="1.8"/>
    <property name="os.name" value="Mac OS X"/>
    <property name="user.country" value="CN"/>
    <property name="sun.java.launcher" value="SUN_STANDARD"/>
    <property name="sun.boot.library.path" value="/Library/Java/JavaVirtualMachines/jdk1.8.0_221.jdk/Contents/Home/jre/lib"/>
    <property name="sun.java.command" value="/Users/chuangzhang/IdeaProjects/SpringSecurity/target/surefire/surefirebooter3374613606517315668.jar /Users/chuangzhang/IdeaProjects/SpringSecurity/target/surefire 2019-10-18T17-10-51_987-jvmRun1 surefire1005261835961814253tmp surefire_04559126213790263237tmp"/>
    <property name="surefire.test.class.path" value="/Users/chuangzhang/IdeaProjects/SpringSecurity/target/test-classes:/Users/chuangzhang/IdeaProjects/SpringSecurity/target/classes:/Users/chuangzhang/work/repository/org/springframework/boot/spring-boot-starter/2.1.9.RELEASE/spring-boot-starter-2.1.9.RELEASE.jar:/Users/chuangzhang/work/repository/org/springframework/boot/spring-boot/2.1.9.RELEASE/spring-boot-2.1.9.RELEASE.jar:/Users/chuangzhang/work/repository/org/springframework/spring-context/5.1.10.RELEASE/spring-context-5.1.10.RELEASE.jar:/Users/chuangzhang/work/repository/org/springframework/boot/spring-boot-autoconfigure/2.1.9.RELEASE/spring-boot-autoconfigure-2.1.9.RELEASE.jar:/Users/chuangzhang/work/repository/org/springframework/boot/spring-boot-starter-logging/2.1.9.RELEASE/spring-boot-starter-logging-2.1.9.RELEASE.jar:/Users/chuangzhang/work/repository/ch/qos/logback/logback-classic/1.2.3/logback-classic-1.2.3.jar:/Users/chuangzhang/work/repository/ch/qos/logback/logback-core/1.2.3/logback-core-1.2.3.jar:/Users/chuangzhang/work/repository/org/apache/logging/log4j/log4j-to-slf4j/2.11.2/log4j-to-slf4j-2.11.2.jar:/Users/chuangzhang/work/repository/org/apache/logging/log4j/log4j-api/2.11.2/log4j-api-2.11.2.jar:/Users/chuangzhang/work/repository/org/slf4j/jul-to-slf4j/1.7.28/jul-to-slf4j-1.7.28.jar:/Users/chuangzhang/work/repository/javax/annotation/javax.annotation-api/1.3.2/javax.annotation-api-1.3.2.jar:/Users/chuangzhang/work/repository/org/springframework/spring-core/5.1.10.RELEASE/spring-core-5.1.10.RELEASE.jar:/Users/chuangzhang/work/repository/org/springframework/spring-jcl/5.1.10.RELEASE/spring-jcl-5.1.10.RELEASE.jar:/Users/chuangzhang/work/repository/org/yaml/snakeyaml/1.23/snakeyaml-1.23.jar:/Users/chuangzhang/work/repository/org/projectlombok/lombok/1.18.10/lombok-1.18.10.jar:/Users/chuangzhang/work/repository/org/springframework/boot/spring-boot-starter-test/2.1.9.RELEASE/spring-boot-starter-test-2.1.9.RELEASE.jar:/Users/chuangzhang/work/repository/org/springframework/boot/spring-boot-test/2.1.9.RELEASE/spring-boot-test-2.1.9.RELEASE.jar:/Users/chuangzhang/work/repository/org/springframework/boot/spring-boot-test-autoconfigure/2.1.9.RELEASE/spring-boot-test-autoconfigure-2.1.9.RELEASE.jar:/Users/chuangzhang/work/repository/com/jayway/jsonpath/json-path/2.4.0/json-path-2.4.0.jar:/Users/chuangzhang/work/repository/net/minidev/json-smart/2.3/json-smart-2.3.jar:/Users/chuangzhang/work/repository/net/minidev/accessors-smart/1.2/accessors-smart-1.2.jar:/Users/chuangzhang/work/repository/org/ow2/asm/asm/5.0.4/asm-5.0.4.jar:/Users/chuangzhang/work/repository/org/slf4j/slf4j-api/1.7.28/slf4j-api-1.7.28.jar:/Users/chuangzhang/work/repository/junit/junit/4.12/junit-4.12.jar:/Users/chuangzhang/work/repository/org/assertj/assertj-core/3.11.1/assertj-core-3.11.1.jar:/Users/chuangzhang/work/repository/org/mockito/mockito-core/2.23.4/mockito-core-2.23.4.jar:/Users/chuangzhang/work/repository/net/bytebuddy/byte-buddy/1.9.16/byte-buddy-1.9.16.jar:/Users/chuangzhang/work/repository/net/bytebuddy/byte-buddy-agent/1.9.16/byte-buddy-agent-1.9.16.jar:/Users/chuangzhang/work/repository/org/objenesis/objenesis/2.6/objenesis-2.6.jar:/Users/chuangzhang/work/repository/org/hamcrest/hamcrest-core/1.3/hamcrest-core-1.3.jar:/Users/chuangzhang/work/repository/org/hamcrest/hamcrest-library/1.3/hamcrest-library-1.3.jar:/Users/chuangzhang/work/repository/org/skyscreamer/jsonassert/1.5.0/jsonassert-1.5.0.jar:/Users/chuangzhang/work/repository/com/vaadin/external/google/android-json/0.0.20131108.vaadin1/android-json-0.0.20131108.vaadin1.jar:/Users/chuangzhang/work/repository/org/springframework/spring-test/5.1.10.RELEASE/spring-test-5.1.10.RELEASE.jar:/Users/chuangzhang/work/repository/org/xmlunit/xmlunit-core/2.6.3/xmlunit-core-2.6.3.jar:/Users/chuangzhang/work/repository/org/springframework/boot/spring-boot-starter-web/2.2.0.RELEASE/spring-boot-starter-web-2.2.0.RELEASE.jar:/Users/chuangzhang/work/repository/org/springframework/boot/spring-boot-starter-json/2.1.9.RELEASE/spring-boot-starter-json-2.1.9.RELEASE.jar:/Users/chuangzhang/work/repository/com/fasterxml/jackson/core/jackson-databind/2.9.9.3/jackson-databind-2.9.9.3.jar:/Users/chuangzhang/work/repository/com/fasterxml/jackson/core/jackson-annotations/2.9.0/jackson-annotations-2.9.0.jar:/Users/chuangzhang/work/repository/com/fasterxml/jackson/core/jackson-core/2.9.9/jackson-core-2.9.9.jar:/Users/chuangzhang/work/repository/com/fasterxml/jackson/datatype/jackson-datatype-jdk8/2.9.9/jackson-datatype-jdk8-2.9.9.jar:/Users/chuangzhang/work/repository/com/fasterxml/jackson/datatype/jackson-datatype-jsr310/2.9.9/jackson-datatype-jsr310-2.9.9.jar:/Users/chuangzhang/work/repository/com/fasterxml/jackson/module/jackson-module-parameter-names/2.9.9/jackson-module-parameter-names-2.9.9.jar:/Users/chuangzhang/work/repository/org/springframework/boot/spring-boot-starter-tomcat/2.1.9.RELEASE/spring-boot-starter-tomcat-2.1.9.RELEASE.jar:/Users/chuangzhang/work/repository/org/apache/tomcat/embed/tomcat-embed-core/9.0.26/tomcat-embed-core-9.0.26.jar:/Users/chuangzhang/work/repository/org/apache/tomcat/embed/tomcat-embed-el/9.0.26/tomcat-embed-el-9.0.26.jar:/Users/chuangzhang/work/repository/org/apache/tomcat/embed/tomcat-embed-websocket/9.0.26/tomcat-embed-websocket-9.0.26.jar:/Users/chuangzhang/work/repository/org/springframework/boot/spring-boot-starter-validation/2.1.9.RELEASE/spring-boot-starter-validation-2.1.9.RELEASE.jar:/Users/chuangzhang/work/repository/org/hibernate/validator/hibernate-validator/6.0.17.Final/hibernate-validator-6.0.17.Final.jar:/Users/chuangzhang/work/repository/javax/validation/validation-api/2.0.1.Final/validation-api-2.0.1.Final.jar:/Users/chuangzhang/work/repository/org/springframework/spring-web/5.1.10.RELEASE/spring-web-5.1.10.RELEASE.jar:/Users/chuangzhang/work/repository/org/springframework/spring-beans/5.1.10.RELEASE/spring-beans-5.1.10.RELEASE.jar:/Users/chuangzhang/work/repository/org/springframework/spring-webmvc/5.1.10.RELEASE/spring-webmvc-5.1.10.RELEASE.jar:/Users/chuangzhang/work/repository/org/springframework/spring-expression/5.1.10.RELEASE/spring-expression-5.1.10.RELEASE.jar:/Users/chuangzhang/work/repository/org/springframework/boot/spring-boot-starter-security/2.1.9.RELEASE/spring-boot-starter-security-2.1.9.RELEASE.jar:/Users/chuangzhang/work/repository/org/springframework/spring-aop/5.1.10.RELEASE/spring-aop-5.1.10.RELEASE.jar:/Users/chuangzhang/work/repository/org/springframework/security/spring-security-config/5.1.6.RELEASE/spring-security-config-5.1.6.RELEASE.jar:/Users/chuangzhang/work/repository/org/springframework/security/spring-security-core/5.1.6.RELEASE/spring-security-core-5.1.6.RELEASE.jar:/Users/chuangzhang/work/repository/org/springframework/security/spring-security-web/5.1.6.RELEASE/spring-security-web-5.1.6.RELEASE.jar:/Users/chuangzhang/work/repository/org/springframework/boot/spring-boot-devtools/2.1.9.RELEASE/spring-boot-devtools-2.1.9.RELEASE.jar:/Users/chuangzhang/work/repository/org/springframework/boot/spring-boot-starter-data-jpa/2.1.9.RELEASE/spring-boot-starter-data-jpa-2.1.9.RELEASE.jar:/Users/chuangzhang/work/repository/org/springframework/boot/spring-boot-starter-aop/2.1.9.RELEASE/spring-boot-starter-aop-2.1.9.RELEASE.jar:/Users/chuangzhang/work/repository/org/aspectj/aspectjweaver/1.9.4/aspectjweaver-1.9.4.jar:/Users/chuangzhang/work/repository/org/springframework/boot/spring-boot-starter-jdbc/2.1.9.RELEASE/spring-boot-starter-jdbc-2.1.9.RELEASE.jar:/Users/chuangzhang/work/repository/com/zaxxer/HikariCP/3.2.0/HikariCP-3.2.0.jar:/Users/chuangzhang/work/repository/org/springframework/spring-jdbc/5.1.10.RELEASE/spring-jdbc-5.1.10.RELEASE.jar:/Users/chuangzhang/work/repository/javax/transaction/javax.transaction-api/1.3/javax.transaction-api-1.3.jar:/Users/chuangzhang/work/repository/javax/xml/bind/jaxb-api/2.3.1/jaxb-api-2.3.1.jar:/Users/chuangzhang/work/repository/javax/activation/javax.activation-api/1.2.0/javax.activation-api-1.2.0.jar:/Users/chuangzhang/work/repository/org/hibernate/hibernate-core/5.3.12.Final/hibernate-core-5.3.12.Final.jar:/Users/chuangzhang/work/repository/org/jboss/logging/jboss-logging/3.3.3.Final/jboss-logging-3.3.3.Final.jar:/Users/chuangzhang/work/repository/javax/persistence/javax.persistence-api/2.2/javax.persistence-api-2.2.jar:/Users/chuangzhang/work/repository/org/javassist/javassist/3.23.2-GA/javassist-3.23.2-GA.jar:/Users/chuangzhang/work/repository/antlr/antlr/2.7.7/antlr-2.7.7.jar:/Users/chuangzhang/work/repository/org/jboss/jandex/2.0.5.Final/jandex-2.0.5.Final.jar:/Users/chuangzhang/work/repository/com/fasterxml/classmate/1.4.0/classmate-1.4.0.jar:/Users/chuangzhang/work/repository/org/dom4j/dom4j/2.1.1/dom4j-2.1.1.jar:/Users/chuangzhang/work/repository/org/hibernate/common/hibernate-commons-annotations/5.0.4.Final/hibernate-commons-annotations-5.0.4.Final.jar:/Users/chuangzhang/work/repository/org/glassfish/jaxb/jaxb-runtime/2.3.1/jaxb-runtime-2.3.1.jar:/Users/chuangzhang/work/repository/org/glassfish/jaxb/txw2/2.3.1/txw2-2.3.1.jar:/Users/chuangzhang/work/repository/com/sun/istack/istack-commons-runtime/3.0.7/istack-commons-runtime-3.0.7.jar:/Users/chuangzhang/work/repository/org/jvnet/staxex/stax-ex/1.8/stax-ex-1.8.jar:/Users/chuangzhang/work/repository/com/sun/xml/fastinfoset/FastInfoset/1.2.15/FastInfoset-1.2.15.jar:/Users/chuangzhang/work/repository/org/springframework/data/spring-data-jpa/2.1.11.RELEASE/spring-data-jpa-2.1.11.RELEASE.jar:/Users/chuangzhang/work/repository/org/springframework/data/spring-data-commons/2.1.11.RELEASE/spring-data-commons-2.1.11.RELEASE.jar:/Users/chuangzhang/work/repository/org/springframework/spring-orm/5.1.10.RELEASE/spring-orm-5.1.10.RELEASE.jar:/Users/chuangzhang/work/repository/org/springframework/spring-tx/5.1.10.RELEASE/spring-tx-5.1.10.RELEASE.jar:/Users/chuangzhang/work/repository/org/springframework/spring-aspects/5.1.10.RELEASE/spring-aspects-5.1.10.RELEASE.jar:/Users/chuangzhang/work/repository/mysql/mysql-connector-java/8.0.17/mysql-connector-java-8.0.17.jar:/Users/chuangzhang/work/repository/org/springframework/boot/spring-boot-starter-thymeleaf/2.1.9.RELEASE/spring-boot-starter-thymeleaf-2.1.9.RELEASE.jar:/Users/chuangzhang/work/repository/org/thymeleaf/thymeleaf-spring5/3.0.11.RELEASE/thymeleaf-spring5-3.0.11.RELEASE.jar:/Users/chuangzhang/work/repository/org/thymeleaf/thymeleaf/3.0.11.RELEASE/thymeleaf-3.0.11.RELEASE.jar:/Users/chuangzhang/work/repository/org/attoparser/attoparser/2.0.5.RELEASE/attoparser-2.0.5.RELEASE.jar:/Users/chuangzhang/work/repository/org/unbescape/unbescape/1.1.6.RELEASE/unbescape-1.1.6.RELEASE.jar:/Users/chuangzhang/work/repository/org/thymeleaf/extras/thymeleaf-extras-java8time/3.0.4.RELEASE/thymeleaf-extras-java8time-3.0.4.RELEASE.jar:/Users/chuangzhang/work/repository/net/sourceforge/htmlunit/htmlunit/2.36.0/htmlunit-2.36.0.jar:/Users/chuangzhang/work/repository/xalan/xalan/2.7.2/xalan-2.7.2.jar:/Users/chuangzhang/work/repository/xalan/serializer/2.7.2/serializer-2.7.2.jar:/Users/chuangzhang/work/repository/org/apache/commons/commons-lang3/3.8.1/commons-lang3-3.8.1.jar:/Users/chuangzhang/work/repository/org/apache/commons/commons-text/1.7/commons-text-1.7.jar:/Users/chuangzhang/work/repository/org/apache/httpcomponents/httpmime/4.5.10/httpmime-4.5.10.jar:/Users/chuangzhang/work/repository/org/apache/httpcomponents/httpclient/4.5.10/httpclient-4.5.10.jar:/Users/chuangzhang/work/repository/org/apache/httpcomponents/httpcore/4.4.12/httpcore-4.4.12.jar:/Users/chuangzhang/work/repository/commons-codec/commons-codec/1.11/commons-codec-1.11.jar:/Users/chuangzhang/work/repository/net/sourceforge/htmlunit/htmlunit-core-js/2.36.0/htmlunit-core-js-2.36.0.jar:/Users/chuangzhang/work/repository/net/sourceforge/htmlunit/neko-htmlunit/2.36.0/neko-htmlunit-2.36.0.jar:/Users/chuangzhang/work/repository/xerces/xercesImpl/2.12.0/xercesImpl-2.12.0.jar:/Users/chuangzhang/work/repository/xml-apis/xml-apis/1.4.01/xml-apis-1.4.01.jar:/Users/chuangzhang/work/repository/net/sourceforge/htmlunit/htmlunit-cssparser/1.5.0/htmlunit-cssparser-1.5.0.jar:/Users/chuangzhang/work/repository/commons-io/commons-io/2.6/commons-io-2.6.jar:/Users/chuangzhang/work/repository/commons-net/commons-net/3.6/commons-net-3.6.jar:/Users/chuangzhang/work/repository/org/brotli/dec/0.1.2/dec-0.1.2.jar:/Users/chuangzhang/work/repository/org/eclipse/jetty/websocket/websocket-client/9.4.19.v20190610/websocket-client-9.4.19.v20190610.jar:/Users/chuangzhang/work/repository/org/eclipse/jetty/jetty-client/9.4.19.v20190610/jetty-client-9.4.19.v20190610.jar:/Users/chuangzhang/work/repository/org/eclipse/jetty/jetty-http/9.4.19.v20190610/jetty-http-9.4.19.v20190610.jar:/Users/chuangzhang/work/repository/org/eclipse/jetty/jetty-xml/9.4.19.v20190610/jetty-xml-9.4.19.v20190610.jar:/Users/chuangzhang/work/repository/org/eclipse/jetty/jetty-util/9.4.19.v20190610/jetty-util-9.4.19.v20190610.jar:/Users/chuangzhang/work/repository/org/eclipse/jetty/jetty-io/9.4.19.v20190610/jetty-io-9.4.19.v20190610.jar:/Users/chuangzhang/work/repository/org/eclipse/jetty/websocket/websocket-common/9.4.19.v20190610/websocket-common-9.4.19.v20190610.jar:/Users/chuangzhang/work/repository/org/eclipse/jetty/websocket/websocket-api/9.4.19.v20190610/websocket-api-9.4.19.v20190610.jar:"/>
    <property name="sun.cpu.endian" value="little"/>
    <property name="user.home" value="/Users/chuangzhang"/>
    <property name="user.language" value="zh"/>
    <property name="java.specification.vendor" value="Oracle Corporation"/>
    <property name="java.home" value="/Library/Java/JavaVirtualMachines/jdk1.8.0_221.jdk/Contents/Home/jre"/>
    <property name="basedir" value="/Users/chuangzhang/IdeaProjects/SpringSecurity"/>
    <property name="file.separator" value="/"/>
    <property name="line.separator" value="&#10;"/>
    <property name="idea.version2019.2.3" value="true"/>
    <property name="java.vm.specification.vendor" value="Oracle Corporation"/>
    <property name="java.specification.name" value="Java Platform API Specification"/>
    <property name="java.awt.graphicsenv" value="sun.awt.CGraphicsEnvironment"/>
    <property name="surefire.real.class.path" value="/Users/chuangzhang/IdeaProjects/SpringSecurity/target/surefire/surefirebooter3374613606517315668.jar"/>
    <property name="sun.boot.class.path" value="/Library/Java/JavaVirtualMachines/jdk1.8.0_221.jdk/Contents/Home/jre/lib/resources.jar:/Library/Java/JavaVirtualMachines/jdk1.8.0_221.jdk/Contents/Home/jre/lib/rt.jar:/Library/Java/JavaVirtualMachines/jdk1.8.0_221.jdk/Contents/Home/jre/lib/sunrsasign.jar:/Library/Java/JavaVirtualMachines/jdk1.8.0_221.jdk/Contents/Home/jre/lib/jsse.jar:/Library/Java/JavaVirtualMachines/jdk1.8.0_221.jdk/Contents/Home/jre/lib/jce.jar:/Library/Java/JavaVirtualMachines/jdk1.8.0_221.jdk/Contents/Home/jre/lib/charsets.jar:/Library/Java/JavaVirtualMachines/jdk1.8.0_221.jdk/Contents/Home/jre/lib/jfr.jar:/Library/Java/JavaVirtualMachines/jdk1.8.0_221.jdk/Contents/Home/jre/classes"/>
    <property name="sun.management.compiler" value="HotSpot 64-Bit Tiered Compilers"/>
    <property name="java.runtime.version" value="1.8.0_221-b11"/>
    <property name="user.name" value="chuangzhang"/>
    <property name="path.separator" value=":"/>
    <property name="os.version" value="10.15"/>
    <property name="java.endorsed.dirs" value="/Library/Java/JavaVirtualMachines/jdk1.8.0_221.jdk/Contents/Home/jre/lib/endorsed"/>
    <property name="java.runtime.name" value="Java(TM) SE Runtime Environment"/>
    <property name="file.encoding" value="UTF-8"/>
    <property name="java.vm.name" value="Java HotSpot(TM) 64-Bit Server VM"/>
    <property name="localRepository" value="/Users/chuangzhang/work/repository"/>
    <property name="java.vendor.url.bug" value="http://bugreport.sun.com/bugreport/"/>
    <property name="java.io.tmpdir" value="/var/folders/cq/wpc8_m354xqdgjk7w72yl_600000gn/T/"/>
    <property name="java.version" value="1.8.0_221"/>
    <property name="user.dir" value="/Users/chuangzhang/IdeaProjects/SpringSecurity"/>
    <property name="os.arch" value="x86_64"/>
    <property name="java.vm.specification.name" value="Java Virtual Machine Specification"/>
    <property name="java.awt.printerjob" value="sun.lwawt.macosx.CPrinterJob"/>
    <property name="sun.os.patch.level" value="unknown"/>
    <property name="java.library.path" value="/Users/chuangzhang/Library/Java/Extensions:/Library/Java/Extensions:/Network/Library/Java/Extensions:/System/Library/Java/Extensions:/usr/lib/java:."/>
    <property name="java.vm.info" value="mixed mode"/>
    <property name="java.vendor" value="Oracle Corporation"/>
    <property name="java.vm.version" value="25.221-b11"/>
    <property name="java.ext.dirs" value="/Users/chuangzhang/Library/Java/Extensions:/Library/Java/JavaVirtualMachines/jdk1.8.0_221.jdk/Contents/Home/jre/lib/ext:/Library/Java/Extensions:/Network/Library/Java/Extensions:/System/Library/Java/Extensions:/usr/lib/java"/>
    <property name="sun.io.unicode.encoding" value="UnicodeBig"/>
    <property name="maven.repo.local" value="/Users/chuangzhang/work/repository"/>
    <property name="java.class.version" value="52.0"/>
  </properties>
  <testcase name="contextLoads" classname="com.example.demo.SpringSecurityStudyApplicationTests" time="0"/>
</testsuite>